24-Feb-2022 19:31:07.346 信息 [main] org.apache.catalina.core.ApplicationContext.log ContextListener: contextInitialized()
24-Feb-2022 19:31:07.346 信息 [main] org.apache.catalina.core.ApplicationContext.log SessionListener: contextInitialized()
24-Feb-2022 19:31:07.348 信息 [main] org.apache.catalina.core.ApplicationContext.log ContextListener: attributeAdded('StockTicker', 'async.Stockticker@36d585c')
24-Feb-2022 19:31:07.561 信息 [main] org.apache.catalina.core.ApplicationContext.log SessionListener: contextDestroyed()
24-Feb-2022 19:31:07.562 信息 [main] org.apache.catalina.core.ApplicationContext.log ContextListener: contextDestroyed()
24-Feb-2022 19:31:14.970 信息 [main] org.apache.catalina.core.ApplicationContext.log ContextListener: contextInitialized()
24-Feb-2022 19:31:14.971 信息 [main] org.apache.catalina.core.ApplicationContext.log SessionListener: contextInitialized()
24-Feb-2022 19:31:14.973 信息 [main] org.apache.catalina.core.ApplicationContext.log ContextListener: attributeAdded('StockTicker', 'async.Stockticker@69fb6037')
24-Feb-2022 19:31:15.186 信息 [main] org.apache.catalina.core.ApplicationContext.log SessionListener: contextDestroyed()
24-Feb-2022 19:31:15.186 信息 [main] org.apache.catalina.core.ApplicationContext.log ContextListener: contextDestroyed()
24-Feb-2022 19:31:37.047 信息 [main] org.apache.catalina.core.ApplicationContext.log ContextListener: contextInitialized()
24-Feb-2022 19:31:37.047 信息 [main] org.apache.catalina.core.ApplicationContext.log SessionListener: contextInitialized()
24-Feb-2022 19:31:37.048 信息 [main] org.apache.catalina.core.ApplicationContext.log ContextListener: attributeAdded('StockTicker', 'async.Stockticker@5f16132a')
24-Feb-2022 19:31:37.228 信息 [main] org.apache.catalina.core.ApplicationContext.log SessionListener: contextDestroyed()
24-Feb-2022 19:31:37.228 信息 [main] org.apache.catalina.core.ApplicationContext.log ContextListener: contextDestroyed()
24-Feb-2022 19:32:11.440 信息 [main] org.apache.catalina.core.ApplicationContext.log ContextListener: contextInitialized()
24-Feb-2022 19:32:11.440 信息 [main] org.apache.catalina.core.ApplicationContext.log SessionListener: contextInitialized()
24-Feb-2022 19:32:11.441 信息 [main] org.apache.catalina.core.ApplicationContext.log ContextListener: attributeAdded('StockTicker', 'async.Stockticker@36d585c')
24-Feb-2022 19:32:11.578 信息 [main] org.apache.catalina.core.ApplicationContext.log SessionListener: contextDestroyed()
24-Feb-2022 19:32:11.578 信息 [main] org.apache.catalina.core.ApplicationContext.log ContextListener: contextDestroyed()
24-Feb-2022 19:41:36.768 信息 [main] org.apache.catalina.core.ApplicationContext.log ContextListener: contextInitialized()
24-Feb-2022 19:41:36.769 信息 [main] org.apache.catalina.core.ApplicationContext.log SessionListener: contextInitialized()
24-Feb-2022 19:41:36.773 信息 [main] org.apache.catalina.core.ApplicationContext.log ContextListener: attributeAdded('StockTicker', 'async.Stockticker@609db43b')
24-Feb-2022 19:42:19.917 信息 [main] org.apache.catalina.core.ApplicationContext.log ContextListener: contextInitialized()
24-Feb-2022 19:42:19.917 信息 [main] org.apache.catalina.core.ApplicationContext.log SessionListener: contextInitialized()
24-Feb-2022 19:42:19.918 信息 [main] org.apache.catalina.core.ApplicationContext.log ContextListener: attributeAdded('StockTicker', 'async.Stockticker@36d585c')
24-Feb-2022 19:42:20.041 信息 [main] org.apache.catalina.core.ApplicationContext.log SessionListener: contextDestroyed()
24-Feb-2022 19:42:20.041 信息 [main] org.apache.catalina.core.ApplicationContext.log ContextListener: contextDestroyed()
24-Feb-2022 19:42:24.901 信息 [main] org.apache.catalina.core.ApplicationContext.log ContextListener: contextInitialized()
24-Feb-2022 19:42:24.902 信息 [main] org.apache.catalina.core.ApplicationContext.log SessionListener: contextInitialized()
24-Feb-2022 19:42:24.903 信息 [main] org.apache.catalina.core.ApplicationContext.log ContextListener: attributeAdded('StockTicker', 'async.Stockticker@36d585c')
24-Feb-2022 19:42:25.035 信息 [main] org.apache.catalina.core.ApplicationContext.log SessionListener: contextDestroyed()
24-Feb-2022 19:42:25.035 信息 [main] org.apache.catalina.core.ApplicationContext.log ContextListener: contextDestroyed()
24-Feb-2022 19:43:01.016 信息 [main] org.apache.catalina.core.ApplicationContext.log ContextListener: contextInitialized()
24-Feb-2022 19:43:01.016 信息 [main] org.apache.catalina.core.ApplicationContext.log SessionListener: contextInitialized()
24-Feb-2022 19:43:01.018 信息 [main] org.apache.catalina.core.ApplicationContext.log ContextListener: attributeAdded('StockTicker', 'async.Stockticker@609db43b')
